   0.0000000e+00   0.0000000e+00
   1.0100000e-02   8.9486000e-01
   1.0600000e-02   9.3916000e-01
   1.1100000e-02   9.8346000e-01
   1.1600000e-02   1.0277600e+00
   1.2166529e-02   1.0763082e+00
   1.2666529e-02   1.1206082e+00
   1.3166529e-02   1.1649082e+00
   1.3666529e-02   1.2092082e+00
   1.4166529e-02   1.2535082e+00
   1.4666529e-02   1.2978082e+00
   1.5166529e-02   1.3421082e+00
   1.5676286e-02   1.3846116e+00
   1.6176286e-02   1.4289116e+00
   1.6676286e-02   1.4732116e+00
   1.7176286e-02   1.5175116e+00
   1.7676286e-02   1.5618116e+00
   1.8189058e-02   1.5993306e+00
   1.8783145e-02   1.6456292e+00
   1.9292361e-02   1.6847085e+00
   1.9792361e-02   1.7290085e+00
   2.0293686e-02   1.6974201e+00
   2.0794219e-02   1.7406465e+00
   2.1344601e-02   1.7530803e+00
   2.1966955e-02   1.7938704e+00
   2.2481263e-02   1.8033757e+00
   2.2988794e-02   1.8268263e+00
   2.3486548e-02   1.8279495e+00
   2.3991924e-02   1.7743019e+00
   2.4559115e-02   1.7716772e+00
   2.5064597e-02   1.7579792e+00
   2.5560958e-02   1.7563136e+00
   2.6068545e-02   1.7263963e+00
   2.6585937e-02   1.7394399e+00
   2.7086225e-02   1.7547952e+00
   2.7603862e-02   1.7372316e+00
   2.8172867e-02   1.7371646e+00
   2.8688025e-02   1.7792984e+00
   2.9218810e-02   1.7797946e+00
   2.9716204e-02   1.7440556e+00
   3.0223363e-02   1.7044295e+00
   3.0754896e-02   1.6857806e+00
   3.1301253e-02   1.6591707e+00
   3.1819075e-02   1.6277276e+00
   3.2387308e-02   1.6080474e+00
   3.2883912e-02   1.6101386e+00
   3.3413275e-02   1.6398105e+00
   3.3960062e-02   1.6741897e+00
   3.4519508e-02   1.7094915e+00
   3.5033613e-02   1.6688307e+00
   3.5546806e-02   1.6433306e+00
   3.6153020e-02   1.6788156e+00
   3.6664031e-02   1.7143182e+00
   3.7172260e-02   1.7376790e+00
   3.7675463e-02   1.7462505e+00
   3.8197634e-02   1.7383398e+00
   3.8727771e-02   1.7010693e+00
   3.9235605e-02   1.6769018e+00
   3.9731795e-02   1.6290124e+00
   4.0250402e-02   1.6039225e+00
   4.0805766e-02   1.6129739e+00
   4.1319132e-02   1.6183359e+00
   4.1833931e-02   1.6137404e+00
   4.2338232e-02   1.5804304e+00
   4.2864399e-02   1.5745573e+00
   4.3423570e-02   1.6115050e+00
   4.3936416e-02   1.6458372e+00
   4.4480181e-02   1.6821077e+00
   4.4981916e-02   1.7012221e+00
   4.5492601e-02   1.6921166e+00
   4.6002528e-02   1.6853031e+00
   4.6585464e-02   1.6959413e+00
   4.7085315e-02   1.6941302e+00
   4.7589801e-02   1.7168376e+00
   4.8089378e-02   1.6863949e+00
   4.8620513e-02   1.6699659e+00
   4.9119454e-02   1.6728733e+00
   4.9715187e-02   1.6669095e+00
   5.0273845e-02   1.6664741e+00
   5.0782016e-02   1.6635738e+00
   5.1306646e-02   1.6601158e+00
   5.1808338e-02   1.6123154e+00
   5.2311697e-02   1.5675755e+00
   5.2808108e-02   1.5524933e+00
   5.3314252e-02   1.5250462e+00
   5.3831922e-02   1.4927220e+00
   5.4412704e-02   1.4687626e+00
   5.4912704e-02   1.5130626e+00
   5.5431728e-02   1.5466383e+00
   5.5941091e-02   1.5510473e+00
   5.6473266e-02   1.5180608e+00
   5.7021901e-02   1.5087419e+00
   5.7540204e-02   1.5452810e+00
   5.8111145e-02   1.5597076e+00
   5.8621313e-02   1.5603000e+00
   5.9193215e-02   1.5676064e+00
   5.9689473e-02   1.5927530e+00
   6.0218900e-02   1.5917949e+00
   6.0725485e-02   1.5440181e+00
   6.1261858e-02   1.5567589e+00
   6.1816432e-02   1.5421187e+00
   6.2322164e-02   1.5786022e+00
   6.2832203e-02   1.5802566e+00
   6.3371372e-02   1.5841787e+00
   6.3875547e-02   1.5400559e+00
   6.4469999e-02   1.5484442e+00
   6.4989913e-02   1.5661603e+00
   6.5512480e-02   1.5541728e+00
   6.6055059e-02   1.5766919e+00
   6.6554652e-02   1.5800170e+00
   6.7068604e-02   1.5846769e+00
   6.7570452e-02   1.5748281e+00
   6.8082957e-02   1.5724925e+00
   6.8614775e-02   1.5970226e+00
   6.9169096e-02   1.6234387e+00
   6.9712833e-02   1.6646345e+00
   7.0221565e-02   1.6690152e+00
   7.0727967e-02   1.6417040e+00
   7.1244583e-02   1.6098056e+00
   7.1743354e-02   1.5829473e+00
   7.2294109e-02   1.5847707e+00
   7.2790397e-02   1.5931326e+00
   7.3308635e-02   1.5539640e+00
   7.3804598e-02   1.5920798e+00
   7.4319599e-02   1.5808140e+00
   7.4825881e-02   1.5424030e+00
   7.5362555e-02   1.5404635e+00
   7.5861518e-02   1.5591005e+00
   7.6383851e-02   1.5517615e+00
   7.6929550e-02   1.5635081e+00
   7.7462361e-02   1.5851795e+00
   7.7985594e-02   1.6055761e+00
   7.8486782e-02   1.6118783e+00
   7.8993763e-02   1.5707632e+00
   7.9492609e-02   1.5400162e+00
   8.0001157e-02   1.5423719e+00
   8.0511983e-02   1.4907377e+00
   8.1036962e-02   1.4589317e+00
   8.1548385e-02   1.4990400e+00
   8.2067542e-02   1.5324839e+00
   8.2577552e-02   1.5682494e+00
   8.3096684e-02   1.5556686e+00
   8.3596176e-02   1.5226554e+00
   8.4151770e-02   1.5241228e+00
   8.4675263e-02   1.5268676e+00
   8.5243895e-02   1.5718658e+00
   8.5753326e-02   1.5940370e+00
   8.6278398e-02   1.6112838e+00
   8.6864771e-02   1.6521197e+00
   8.7363780e-02   1.6456844e+00
   8.7879624e-02   1.6124022e+00
   8.8383289e-02   1.5977324e+00
   8.8935115e-02   1.5855515e+00
   8.9474687e-02   1.5788463e+00
   8.9975768e-02   1.5515098e+00
   9.0563014e-02   1.5863941e+00
   9.1091716e-02   1.5822986e+00
   9.1674310e-02   1.5724916e+00
   9.2180543e-02   1.5770776e+00
   9.2688013e-02   1.5337440e+00
   9.3194389e-02   1.5536510e+00
   9.3780959e-02   1.5472910e+00
   9.4293637e-02   1.5898658e+00
   9.4817493e-02   1.5803001e+00
   9.5346906e-02   1.5380340e+00
   9.5878557e-02   1.5141573e+00
   9.6374604e-02   1.4909678e+00
   9.6918026e-02   1.4980807e+00
   9.7430717e-02   1.4924335e+00
   9.8022221e-02   1.5240900e+00
   9.8572560e-02   1.5456024e+00
   9.9084145e-02   1.5585806e+00
   9.9589139e-02   1.5650264e+00
