   0.0000000e+00   0.0000000e+00
   1.0100000e-02   8.9486000e-01
   1.0600000e-02   9.3916000e-01
   1.1100000e-02   9.8346000e-01
   1.1600000e-02   1.0277600e+00
   1.2100000e-02   1.0720600e+00
   1.2600000e-02   1.1163600e+00
   1.3186821e-02   1.1672630e+00
   1.3686821e-02   1.2115630e+00
   1.4186821e-02   1.2558630e+00
   1.4686821e-02   1.3001630e+00
   1.5246855e-02   1.3490243e+00
   1.5803804e-02   1.3981123e+00
   1.6337168e-02   1.4436929e+00
   1.6851653e-02   1.4863795e+00
   1.7352789e-02   1.5288165e+00
   1.7898751e-02   1.5731358e+00
   1.8449990e-02   1.6157372e+00
   1.8973480e-02   1.6514484e+00
   1.9490151e-02   1.6866200e+00
   1.9992050e-02   1.7214891e+00
   2.0498151e-02   1.7529619e+00
   2.0994688e-02   1.7564581e+00
   2.1490808e-02   1.7605693e+00
   2.1986359e-02   1.7544353e+00
   2.2487821e-02   1.7564604e+00
   2.2983227e-02   1.7511828e+00
   2.3488093e-02   1.7541607e+00
   2.3984018e-02   1.7573862e+00
   2.4480413e-02   1.7496409e+00
   2.4976173e-02   1.7268109e+00
   2.5472525e-02   1.7053092e+00
   2.5968554e-02   1.6813632e+00
   2.6465366e-02   1.6771498e+00
   2.6962748e-02   1.6965520e+00
   2.7459623e-02   1.7008917e+00
   2.7956955e-02   1.6950064e+00
   2.8454168e-02   1.6989534e+00
   2.8949632e-02   1.6846849e+00
   2.9445047e-02   1.6789660e+00
   2.9945787e-02   1.6840734e+00
   3.0442215e-02   1.6703669e+00
   3.0937524e-02   1.6448568e+00
   3.1433102e-02   1.6167916e+00
   3.1928561e-02   1.6171810e+00
   3.2426706e-02   1.6169613e+00
   3.2922209e-02   1.6190412e+00
   3.3417321e-02   1.6212620e+00
   3.3915106e-02   1.6267342e+00
   3.4411643e-02   1.6225345e+00
   3.4906939e-02   1.6225459e+00
   3.5402644e-02   1.6231396e+00
   3.5897661e-02   1.6297430e+00
   3.6395395e-02   1.6218041e+00
   3.6892645e-02   1.6117508e+00
   3.7390625e-02   1.6020410e+00
   3.7887557e-02   1.6172697e+00
   3.8383763e-02   1.6118892e+00
   3.8879886e-02   1.6108049e+00
   3.9378690e-02   1.6091618e+00
   3.9877203e-02   1.6041309e+00
   4.0372579e-02   1.6006995e+00
   4.0868673e-02   1.5990350e+00
   4.1366669e-02   1.5901857e+00
   4.1863086e-02   1.5746438e+00
   4.2358922e-02   1.5730769e+00
   4.2855809e-02   1.5830187e+00
   4.3350959e-02   1.5869179e+00
   4.3849422e-02   1.5886655e+00
   4.4346390e-02   1.5791644e+00
   4.4844135e-02   1.5749328e+00
   4.5342524e-02   1.5710976e+00
   4.5842344e-02   1.5809307e+00
   4.6338456e-02   1.5894270e+00
   4.6833998e-02   1.6068063e+00
   4.7329250e-02   1.5957873e+00
   4.7828727e-02   1.5962102e+00
   4.8324316e-02   1.5894337e+00
   4.8819612e-02   1.5696260e+00
   4.9317511e-02   1.5728938e+00
   4.9812674e-02   1.5650019e+00
   5.0309325e-02   1.5609187e+00
   5.0809488e-02   1.5608433e+00
   5.1304651e-02   1.5561796e+00
   5.1799911e-02   1.5540389e+00
   5.2295758e-02   1.5491413e+00
   5.2791006e-02   1.5588896e+00
   5.3288630e-02   1.5544866e+00
   5.3784177e-02   1.5483778e+00
   5.4281265e-02   1.5450850e+00
   5.4777422e-02   1.5410931e+00
   5.5273892e-02   1.5431152e+00
   5.5770098e-02   1.5459896e+00
   5.6267224e-02   1.5561196e+00
   5.6766375e-02   1.5497616e+00
   5.7264536e-02   1.5505351e+00
   5.7762719e-02   1.5594071e+00
   5.8258969e-02   1.5589283e+00
   5.8756087e-02   1.5559960e+00
   5.9252841e-02   1.5478802e+00
   5.9751462e-02   1.5454194e+00
   6.0249183e-02   1.5518210e+00
   6.0747040e-02   1.5475135e+00
   6.1244301e-02   1.5501450e+00
   6.1741333e-02   1.5363145e+00
   6.2240340e-02   1.5202865e+00
   6.2735497e-02   1.5248926e+00
   6.3230639e-02   1.5334813e+00
   6.3731319e-02   1.5360256e+00
   6.4226543e-02   1.5304049e+00
   6.4721675e-02   1.5344772e+00
   6.5217427e-02   1.5377926e+00
   6.5712567e-02   1.5394898e+00
   6.6208220e-02   1.5430348e+00
   6.6703767e-02   1.5347255e+00
   6.7199651e-02   1.5364915e+00
   6.7696160e-02   1.5386197e+00
   6.8196838e-02   1.5277962e+00
   6.8693986e-02   1.5335150e+00
   6.9191956e-02   1.5414598e+00
   6.9687734e-02   1.5472475e+00
   7.0183132e-02   1.5484567e+00
   7.0680329e-02   1.5457250e+00
   7.1177445e-02   1.5401819e+00
   7.1673165e-02   1.5371473e+00
   7.2171965e-02   1.5279332e+00
   7.2671981e-02   1.5282360e+00
   7.3168438e-02   1.5282953e+00
   7.3664429e-02   1.5221218e+00
   7.4159615e-02   1.5231056e+00
   7.4659761e-02   1.5289173e+00
   7.5157844e-02   1.5340301e+00
   7.5654385e-02   1.5483126e+00
   7.6150862e-02   1.5561707e+00
   7.6649729e-02   1.5622975e+00
   7.7145447e-02   1.5587337e+00
   7.7641129e-02   1.5447434e+00
   7.8138654e-02   1.5322582e+00
   7.8638731e-02   1.5398397e+00
   7.9134077e-02   1.5448168e+00
   7.9630293e-02   1.5477420e+00
   8.0125752e-02   1.5554896e+00
   8.0621236e-02   1.5496717e+00
   8.1119570e-02   1.5496108e+00
   8.1614866e-02   1.5468872e+00
   8.2113869e-02   1.5472092e+00
   8.2611304e-02   1.5498246e+00
   8.3108163e-02   1.5468798e+00
   8.3604421e-02   1.5345336e+00
   8.4099754e-02   1.5212480e+00
   8.4595392e-02   1.5304661e+00
   8.5092694e-02   1.5324186e+00
   8.5588328e-02   1.5364470e+00
   8.6084423e-02   1.5424360e+00
   8.6581195e-02   1.5374614e+00
   8.7076791e-02   1.5374461e+00
   8.7572593e-02   1.5371390e+00
   8.8072719e-02   1.5392677e+00
   8.8568685e-02   1.5412775e+00
   8.9064475e-02   1.5483840e+00
   8.9561399e-02   1.5498541e+00
   9.0058101e-02   1.5565002e+00
   9.0555603e-02   1.5495538e+00
   9.1053848e-02   1.5487140e+00
   9.1552391e-02   1.5492783e+00
   9.2047480e-02   1.5414453e+00
   9.2542640e-02   1.5351188e+00
   9.3042848e-02   1.5320475e+00
   9.3541656e-02   1.5398262e+00
   9.4037479e-02   1.5316572e+00
   9.4533689e-02   1.5204150e+00
   9.5032064e-02   1.5252505e+00
   9.5529288e-02   1.5245832e+00
   9.6025257e-02   1.5297847e+00
   9.6525048e-02   1.5362436e+00
   9.7025207e-02   1.5460654e+00
   9.7522335e-02   1.5453514e+00
   9.8017939e-02   1.5492361e+00
   9.8513731e-02   1.5521547e+00
   9.9011282e-02   1.5451875e+00
   9.9507435e-02   1.5410013e+00
