   0.0000000e+00   0.0000000e+00
   1.0100000e-02   8.9486000e-01
   1.0600000e-02   9.3916000e-01
   1.1100000e-02   9.8346000e-01
   1.1600000e-02   1.0277600e+00
   1.2100000e-02   1.0720600e+00
   1.2600000e-02   1.1163600e+00
   1.3100000e-02   1.1606600e+00
   1.3600000e-02   1.2049600e+00
   1.4100000e-02   1.2492600e+00
   1.4600000e-02   1.2935600e+00
   1.5100000e-02   1.3378600e+00
   1.5600000e-02   1.3821600e+00
   1.6180220e-02   1.4326920e+00
   1.6696966e-02   1.4780456e+00
   1.7196966e-02   1.5223456e+00
   1.7715994e-02   1.5627898e+00
   1.8213701e-02   1.6054298e+00
   1.8757192e-02   1.6478611e+00
   1.9277107e-02   1.6927572e+00
   1.9776348e-02   1.7210054e+00
   2.0303447e-02   1.7202213e+00
   2.0889223e-02   1.7640679e+00
   2.1388261e-02   1.7827093e+00
   2.1886661e-02   1.7864804e+00
   2.2385029e-02   1.7549368e+00
   2.2892709e-02   1.7109691e+00
   2.3389822e-02   1.6987653e+00
   2.3891767e-02   1.6961323e+00
   2.4392863e-02   1.6902051e+00
   2.4891464e-02   1.6860802e+00
   2.5418292e-02   1.6827618e+00
   2.5919348e-02   1.6794725e+00
   2.6416208e-02   1.6710719e+00
   2.6912465e-02   1.6279065e+00
   2.7412609e-02   1.6053440e+00
   2.7908159e-02   1.6425748e+00
   2.8403225e-02   1.6349734e+00
   2.8906676e-02   1.6553433e+00
   2.9415121e-02   1.6764292e+00
   2.9911851e-02   1.6854878e+00
   3.0417559e-02   1.6706637e+00
   3.0924693e-02   1.6918957e+00
   3.1421623e-02   1.6951612e+00
   3.1919348e-02   1.6565564e+00
   3.2417609e-02   1.6265375e+00
   3.2915010e-02   1.5875257e+00
   3.3411346e-02   1.5690605e+00
   3.3909979e-02   1.5661998e+00
   3.4445931e-02   1.5806992e+00
   3.4975000e-02   1.6057713e+00
   3.5470074e-02   1.5959757e+00
   3.5972869e-02   1.6161105e+00
   3.6477452e-02   1.6047884e+00
   3.6986922e-02   1.6097045e+00
   3.7484003e-02   1.6147614e+00
   3.7980832e-02   1.6180869e+00
   3.8476290e-02   1.6037450e+00
   3.8984417e-02   1.5986637e+00
   3.9481027e-02   1.6136927e+00
   3.9998255e-02   1.6245204e+00
   4.0499912e-02   1.6018573e+00
   4.0999464e-02   1.5891676e+00
   4.1505050e-02   1.5926705e+00
   4.2005589e-02   1.6052861e+00
   4.2504129e-02   1.6165059e+00
   4.3001082e-02   1.6205438e+00
   4.3496121e-02   1.6073068e+00
   4.3999818e-02   1.6062016e+00
   4.4498389e-02   1.5984246e+00
   4.5009345e-02   1.6151339e+00
   4.5523753e-02   1.6260205e+00
   4.6032602e-02   1.6511284e+00
   4.6527814e-02   1.6476224e+00
   4.7028205e-02   1.6414159e+00
   4.7526835e-02   1.6198441e+00
   4.8025778e-02   1.5921522e+00
   4.8521629e-02   1.5615830e+00
   4.9025537e-02   1.5354103e+00
   4.9537074e-02   1.5451951e+00
   5.0063603e-02   1.5561180e+00
   5.0560000e-02   1.5594888e+00
   5.1066141e-02   1.5723530e+00
   5.1565712e-02   1.5685842e+00
   5.2070745e-02   1.5539205e+00
   5.2571201e-02   1.5553030e+00
   5.3069664e-02   1.5574341e+00
   5.3572989e-02   1.5678107e+00
   5.4070751e-02   1.5584988e+00
   5.4620229e-02   1.5870781e+00
   5.5116450e-02   1.5986724e+00
   5.5616182e-02   1.5696982e+00
   5.6116298e-02   1.5586813e+00
   5.6615867e-02   1.5536936e+00
   5.7113921e-02   1.5488534e+00
   5.7612907e-02   1.5547254e+00
   5.8123048e-02   1.5694731e+00
   5.8619040e-02   1.5649635e+00
   5.9124336e-02   1.5575068e+00
   5.9619797e-02   1.5681008e+00
   6.0119989e-02   1.5602752e+00
   6.0627822e-02   1.5671069e+00
   6.1123384e-02   1.5699644e+00
   6.1653988e-02   1.5580493e+00
   6.2151120e-02   1.5614300e+00
   6.2663336e-02   1.5660590e+00
   6.3159010e-02   1.5575422e+00
   6.3659403e-02   1.5522905e+00
   6.4154752e-02   1.5568258e+00
   6.4662987e-02   1.5711068e+00
   6.5181767e-02   1.5748116e+00
   6.5686606e-02   1.5753102e+00
   6.6184922e-02   1.5611582e+00
   6.6691828e-02   1.5625796e+00
   6.7195658e-02   1.5625778e+00
   6.7711171e-02   1.5801056e+00
   6.8208458e-02   1.5736173e+00
   6.8709242e-02   1.5566283e+00
   6.9218436e-02   1.5615482e+00
   6.9718927e-02   1.5431905e+00
   7.0231449e-02   1.5419642e+00
   7.0730707e-02   1.5301004e+00
   7.1229007e-02   1.5120573e+00
   7.1738677e-02   1.5186907e+00
   7.2237009e-02   1.5003725e+00
   7.2736221e-02   1.5013784e+00
   7.3236882e-02   1.5133382e+00
   7.3766576e-02   1.5205053e+00
   7.4264129e-02   1.5334866e+00
   7.4768007e-02   1.5592798e+00
   7.5264420e-02   1.5516789e+00
   7.5761761e-02   1.5228350e+00
   7.6267455e-02   1.5281840e+00
   7.6764398e-02   1.5359773e+00
   7.7263424e-02   1.5489378e+00
   7.7758600e-02   1.5450341e+00
   7.8256030e-02   1.5335067e+00
   7.8758973e-02   1.5308211e+00
   7.9258839e-02   1.5289406e+00
   7.9759200e-02   1.5158606e+00
   8.0268865e-02   1.5242931e+00
   8.0766665e-02   1.5142057e+00
   8.1336790e-02   1.5421595e+00
   8.1841363e-02   1.5619008e+00
   8.2339583e-02   1.5592507e+00
   8.2836793e-02   1.5438499e+00
   8.3334491e-02   1.5224965e+00
   8.3830415e-02   1.5011569e+00
   8.4341109e-02   1.5194550e+00
   8.4843906e-02   1.5370405e+00
   8.5368999e-02   1.5588281e+00
   8.5864977e-02   1.5751187e+00
   8.6386653e-02   1.5879230e+00
   8.6882403e-02   1.5991895e+00
   8.7377455e-02   1.5745095e+00
   8.7887525e-02   1.5600495e+00
   8.8390818e-02   1.5548826e+00
   8.8887726e-02   1.5420106e+00
   8.9386740e-02   1.5252547e+00
   8.9897233e-02   1.5368424e+00
   9.0400611e-02   1.5487699e+00
   9.0903916e-02   1.5685515e+00
   9.1403533e-02   1.5786921e+00
   9.1901542e-02   1.5938585e+00
   9.2398889e-02   1.5726563e+00
   9.2894536e-02   1.5780434e+00
   9.3404969e-02   1.5935138e+00
   9.3905647e-02   1.5821408e+00
   9.4412829e-02   1.5822527e+00
   9.4921078e-02   1.5718921e+00
   9.5421597e-02   1.5780138e+00
   9.5920202e-02   1.5678320e+00
   9.6428236e-02   1.5673671e+00
   9.6930853e-02   1.5638240e+00
   9.7435038e-02   1.5501581e+00
   9.7933991e-02   1.5674020e+00
   9.8432840e-02   1.5614968e+00
   9.8930827e-02   1.5541565e+00
   9.9426099e-02   1.5590403e+00
   9.9921977e-02   1.5749327e+00
