   0.0000000e+00   0.0000000e+00
   1.0100000e-02   8.9486000e-01
   1.0664547e-02   9.4487194e-01
   1.1164547e-02   9.8917194e-01
   1.1688922e-02   1.0354238e+00
   1.2188529e-02   1.0797707e+00
   1.2745131e-02   1.1290637e+00
   1.3264501e-02   1.1747663e+00
   1.3760309e-02   1.2186629e+00
   1.4256302e-02   1.2621565e+00
   1.4777473e-02   1.3070008e+00
   1.5326704e-02   1.3545264e+00
   1.5827555e-02   1.3974501e+00
   1.6326504e-02   1.4403049e+00
   1.6829913e-02   1.4827247e+00
   1.7326128e-02   1.5238517e+00
   1.7824818e-02   1.5627891e+00
   1.8323259e-02   1.6031238e+00
   1.8820842e-02   1.6395455e+00
   1.9318690e-02   1.6734485e+00
   1.9813908e-02   1.7044098e+00
   2.0309080e-02   1.7307982e+00
   2.0804394e-02   1.7558391e+00
   2.1299626e-02   1.7707878e+00
   2.1794749e-02   1.7806250e+00
   2.2290980e-02   1.7835230e+00
   2.2786445e-02   1.7740513e+00
   2.3281579e-02   1.7671232e+00
   2.3776599e-02   1.7523518e+00
   2.4271617e-02   1.7220851e+00
   2.4767092e-02   1.6956036e+00
   2.5262208e-02   1.6808057e+00
   2.5757527e-02   1.6667869e+00
   2.6252578e-02   1.6531839e+00
   2.6748715e-02   1.6434455e+00
   2.7244275e-02   1.6399567e+00
   2.7739796e-02   1.6226380e+00
   2.8235200e-02   1.6222953e+00
   2.8730409e-02   1.6297101e+00
   2.9225582e-02   1.6226432e+00
   2.9720857e-02   1.6237463e+00
   3.0216546e-02   1.6238635e+00
   3.0712172e-02   1.6265591e+00
   3.1207361e-02   1.6213515e+00
   3.1702882e-02   1.6152992e+00
   3.2198158e-02   1.6294055e+00
   3.2693160e-02   1.6311445e+00
   3.3188805e-02   1.6338865e+00
   3.3684366e-02   1.6275371e+00
   3.4179868e-02   1.6212083e+00
   3.4675172e-02   1.6102085e+00
   3.5170260e-02   1.6119058e+00
   3.5665499e-02   1.6137570e+00
   3.6160535e-02   1.6111192e+00
   3.6656629e-02   1.6080337e+00
   3.7152095e-02   1.5972767e+00
   3.7647637e-02   1.5926336e+00
   3.8143757e-02   1.5982249e+00
   3.8638800e-02   1.6060436e+00
   3.9134221e-02   1.5967011e+00
   3.9629589e-02   1.5849186e+00
   4.0125516e-02   1.5883275e+00
   4.0620550e-02   1.5853129e+00
   4.1116094e-02   1.5846710e+00
   4.1612593e-02   1.5870254e+00
   4.2108808e-02   1.5886920e+00
   4.2604442e-02   1.5844473e+00
   4.3099586e-02   1.5803362e+00
   4.3594605e-02   1.5908352e+00
   4.4090004e-02   1.5899445e+00
   4.4585568e-02   1.5825600e+00
   4.5081033e-02   1.5823698e+00
   4.5576256e-02   1.5763735e+00
   4.6071991e-02   1.5746684e+00
   4.6567116e-02   1.5767766e+00
   4.7062317e-02   1.5788598e+00
   4.7557594e-02   1.5812484e+00
   4.8052712e-02   1.5827615e+00
   4.8548661e-02   1.5821634e+00
   4.9044640e-02   1.5840223e+00
   4.9539742e-02   1.5864616e+00
   5.0035157e-02   1.5817635e+00
   5.0530183e-02   1.5798546e+00
   5.1025835e-02   1.5719381e+00
   5.1520838e-02   1.5673808e+00
   5.2015889e-02   1.5696606e+00
   5.2511297e-02   1.5731954e+00
   5.3007009e-02   1.5767618e+00
   5.3502849e-02   1.5841842e+00
   5.3998256e-02   1.5902827e+00
   5.4493383e-02   1.5922862e+00
   5.4989176e-02   1.5837392e+00
   5.5484428e-02   1.5717421e+00
   5.5979779e-02   1.5627307e+00
   5.6474839e-02   1.5691689e+00
   5.6970055e-02   1.5752619e+00
   5.7465234e-02   1.5760741e+00
   5.7960937e-02   1.5731376e+00
   5.8456364e-02   1.5708375e+00
   5.8952701e-02   1.5693244e+00
   5.9448318e-02   1.5672327e+00
   5.9944001e-02   1.5699546e+00
   6.0439493e-02   1.5765682e+00
   6.0934640e-02   1.5754085e+00
   6.1429707e-02   1.5775986e+00
   6.1924799e-02   1.5737440e+00
   6.2420010e-02   1.5704162e+00
   6.2915153e-02   1.5750160e+00
   6.3410861e-02   1.5712483e+00
   6.3906670e-02   1.5676062e+00
   6.4402208e-02   1.5725771e+00
   6.4897234e-02   1.5687619e+00
   6.5392666e-02   1.5690755e+00
   6.5888073e-02   1.5648260e+00
   6.6383124e-02   1.5652889e+00
   6.6878396e-02   1.5640888e+00
   6.7373490e-02   1.5649094e+00
   6.7869071e-02   1.5672183e+00
   6.8364208e-02   1.5647675e+00
   6.8860481e-02   1.5630312e+00
   6.9356291e-02   1.5633145e+00
   6.9851301e-02   1.5607160e+00
   7.0346429e-02   1.5665085e+00
   7.0841689e-02   1.5725538e+00
   7.1337802e-02   1.5702896e+00
   7.1833219e-02   1.5714903e+00
   7.2328342e-02   1.5726844e+00
   7.2824126e-02   1.5720276e+00
   7.3319687e-02   1.5654118e+00
   7.3815299e-02   1.5668233e+00
   7.4310375e-02   1.5648321e+00
   7.4805662e-02   1.5692979e+00
   7.5301722e-02   1.5728907e+00
   7.5797358e-02   1.5710263e+00
   7.6292520e-02   1.5647223e+00
   7.6788050e-02   1.5599156e+00
   7.7283325e-02   1.5657910e+00
   7.7778383e-02   1.5641778e+00
   7.8274146e-02   1.5686974e+00
   7.8769496e-02   1.5667615e+00
   7.9265307e-02   1.5700904e+00
   7.9760767e-02   1.5715579e+00
   8.0256621e-02   1.5628565e+00
   8.0751880e-02   1.5599728e+00
   8.1246954e-02   1.5599727e+00
   8.1742028e-02   1.5622945e+00
   8.2238252e-02   1.5648291e+00
   8.2733875e-02   1.5725362e+00
   8.3228988e-02   1.5709388e+00
   8.3724352e-02   1.5702987e+00
   8.4219809e-02   1.5629219e+00
   8.4715092e-02   1.5630178e+00
   8.5210644e-02   1.5657584e+00
   8.5706193e-02   1.5676086e+00
   8.6202633e-02   1.5681308e+00
   8.6697890e-02   1.5685075e+00
   8.7192917e-02   1.5653391e+00
   8.7688394e-02   1.5677896e+00
   8.8183468e-02   1.5723715e+00
   8.8678492e-02   1.5682799e+00
   8.9173855e-02   1.5685078e+00
   8.9669135e-02   1.5684146e+00
   9.0165123e-02   1.5679303e+00
   9.0660435e-02   1.5633933e+00
   9.1156164e-02   1.5629098e+00
   9.1651494e-02   1.5646971e+00
   9.2146796e-02   1.5632579e+00
   9.2642566e-02   1.5605784e+00
   9.3138292e-02   1.5622366e+00
   9.3633722e-02   1.5665573e+00
   9.4128815e-02   1.5690857e+00
   9.4624112e-02   1.5654727e+00
   9.5119560e-02   1.5639621e+00
   9.5614781e-02   1.5605063e+00
   9.6110038e-02   1.5651496e+00
   9.6605714e-02   1.5631326e+00
   9.7100775e-02   1.5595340e+00
   9.7596570e-02   1.5611893e+00
   9.8091811e-02   1.5562056e+00
   9.8587084e-02   1.5544738e+00
   9.9082312e-02   1.5561916e+00
   9.9578384e-02   1.5558722e+00
