0 -9.92843e-18
1 0.00128321
2 0.00257137
3 0.00386274
4 0.00515563
5 0.0064484
6 0.00773941
7 0.00902708
8 0.0103099
9 0.0115863
10 0.0128548
11 0.0141141
12 0.0153626
13 0.0165992
14 0.0178224
15 0.0190311
16 0.020224
17 0.0213998
18 0.0225576
19 0.0236961
20 0.0248143
21 0.0259113
22 0.026986
23 0.0280374
24 0.0290648
25 0.0300671
26 0.0310436
27 0.0319936
28 0.0329162
29 0.0338107
30 0.0346764
31 0.0355127
32 0.036319
33 0.0370946
34 0.037839
35 0.0385517
36 0.0392322
37 0.03988
38 0.0404946
39 0.0410757
40 0.0416228
41 0.0421357
42 0.0426139
43 0.0430571
44 0.0434652
45 0.0438377
46 0.0441746
47 0.0444755
48 0.0447403
49 0.0449688
50 0.0451608
51 0.0453164
52 0.0454353
53 0.0455175
54 0.0455629
55 0.0455716
56 0.0455435
57 0.0454786
58 0.045377
59 0.0452387
60 0.0450638
61 0.0448525
62 0.0446047
63 0.0443208
64 0.0440009
65 0.0436452
66 0.0432538
67 0.0428271
68 0.0423653
69 0.0418688
70 0.0413378
71 0.0407726
72 0.0401737
73 0.0395415
74 0.0388764
75 0.0381788
76 0.0374493
77 0.0366883
78 0.0358964
79 0.0350742
80 0.0342222
81 0.0333412
82 0.0324318
83 0.0314946
84 0.0305305
85 0.0295402
86 0.0285246
87 0.0274844
88 0.0264205
89 0.025334
90 0.0242256
91 0.0230965
92 0.0219477
93 0.0207802
94 0.0195952
95 0.0183939
96 0.0171774
97 0.0159469
98 0.0147038
99 0.0134494
100 0.0121851
101 0.0109122
102 0.00963226
103 0.0083467
104 0.00705706
105 0.00576493
106 0.00447189
107 0.00317959
108 0.00188971
109 0.00060395
110 -0.000675946
111 -0.00194821
112 -0.00321105
113 -0.00446265
114 -0.00570117
115 -0.00692474
116 -0.00813151
117 -0.00931959
118 -0.0104871
119 -0.0116321
120 -0.0127528
121 -0.0138472
122 -0.0149135
123 -0.0159499
124 -0.0169545
125 -0.0179254
126 -0.018861
127 -0.0197596
128 -0.0206193
129 -0.0214386
130 -0.022216
131 -0.0229498
132 -0.0236387
133 -0.0242812
134 -0.0248761
135 -0.0254222
136 -0.0259184
137 -0.0263636
138 -0.0267568
139 -0.0270974
140 -0.0273845
141 -0.0276175
142 -0.027796
143 -0.0279196
144 -0.027988
145 -0.028001
146 -0.0279587
147 -0.0278611
148 -0.0277084
149 -0.027501
150 -0.0272393
151 -0.0269239
152 -0.0265554
153 -0.0261346
154 -0.0256623
155 -0.0251396
156 -0.0245676
157 -0.0239473
158 -0.0232801
159 -0.0225673
160 -0.0218102
161 -0.0210105
162 -0.0201696
163 -0.0192892
164 -0.0183708
165 -0.0174163
166 -0.0164273
167 -0.0154057
168 -0.0143533
169 -0.0132719
170 -0.0121633
171 -0.0110296
172 -0.00987241
173 -0.0086938
174 -0.00749561
175 -0.00627972
176 -0.00504801
177 -0.00380234
178 -0.00254457
179 -0.00127652
180 -9.92843e-18
