Guessing file format of "perfect_crystal":
should be Ju Li's CFG format.

Loading configuration from "perfect_crystal":
1152 atoms found.. reallocating memory

    | 53.212223 0        0        |   | 53.212223 0        0        |  
H = | 0        56.440086 0        | = | 0        56.440086 0        | A
    | 0        0        7.680523 |    | 0        0        7.680523 |   

supercell volume = 23066.9329045858 = 23066.9329045858 A^3
avg. atomic volume = 20.023379257453 = 20.023379257453 A^3
atomic number density = 0.0499416201003028 = 0.0499416201003028 A^-3
avg. mass density = 2.32913035537221 g/cm^3

-------------- Species Summary --------------
Type  Mass[amu]   Count  Abundance  Wt. Pct.
 Si     28.085     1152   100.00%   100.00%
---------------------------------------------

    | 181.898446   68.105754   74.848941   0          0          9.536307 |    
    |  68.105754  188.641633   68.105754  -0          0         -0        |    
C = |  74.848941   68.105754  181.898446  -0         -0         -9.536307 | GPa
    |   0          -0          -0         46.781565  -9.536307   0        |    
    |   0           0          -0         -9.536307  53.524752   0        |    
    |   9.536307   -0          -9.536307   0          0         46.781565 |    
 
Burgers vector = ( 0  0  3.840261 ) A
        length = 3.84026 A

dipole_s0 = ( 0.260417  0.527778 )
dipole_s1 = ( 0.760417  0.527778 )
 
Atoms closer than 0.5 A will be removed;

    | 53.212223  -0          0        |  
H = |  0         56.440086  -1.920131 | A
    |  0          0          7.680523 |  
 
    | 0  -0   0        |  
D = | 0   0  -0.034021 | A
    | 0   0   0        |  
 
               |  0  -0         0       |  
simpleStrain = | -0   0        -0.01701 | A
               |  0  -0.01701   0       |  
 
          |  0         -0         0.000003 |    
Stress0 = | -0          0        -0.00002  | GPa
          |  0.000003  -0.00002   0        |    
 
Force0 = ( -0  -0  0 ) eV/A
 
          |  0         -0         0.000003 |    
Stress1 = | -0          0        -0.00002  | GPa
          |  0.000003  -0.00002   0        |    
 
Force1 = ( 0  0  -0 ) eV/A
 
             | 0  0  0 |    
Stresscell = | 0  0  0 | GPa
             | 0  0  0 |    
 
Ebench = 15.6436 eV.

Remember:
Eatomistic = Ebench + 2*(Ecore-PE*log(r0[A]))*linelength;
here, PE = 0.359818 eV/A, linelength = 7.68052 A.

The dipole configuration has been saved on "dipole".

Note: the core energy definition depends on the definition of theta = 0,
which is taken to be in (1.00000, -0.00000, -0.00000) direction
now, for which A = 0 [eV/A].
For non-zero theta, the core energy needs to be added by A(theta) [eV/A].
A(theta) [eV/A] vs theta [degree] has been saved on "angular.out".

